2025-08-30 02:21:23,238 - INFO - Loaded data for 2 students
2025-08-30 02:21:23,331 - INFO - Student Verification System backend initialized
2025-08-30 02:21:23,747 - INFO - RobustTTS worker thread started.
2025-08-30 02:21:33,221 - INFO - QR ID 'S002' found in database for student: Kah Yung
2025-08-30 02:21:33,319 - INFO - Loaded 30 face images for student S002
2025-08-30 02:21:37,947 - INFO - Verification logged: Kah Yung - SUCCESS (Score: 0.889)
2025-08-30 02:21:38,284 - INFO - Loaded student photo: card_photos\S002.jpg
2025-08-30 02:21:38,314 - INFO - Voice announcement: Verification successful. Welcome, Kah Yung. Program: RSW. Batch 2022. Academic performance: First Class. Access granted. Have a great day!
2025-08-30 02:21:42,401 - INFO - Cleaning up TTS system...
2025-08-30 02:21:44,411 - INFO - TTS system cleaned up.
2025-08-30 07:39:40,245 - INFO - Loaded data for 2 students
2025-08-30 07:39:40,245 - INFO - Student Verification System backend initialized
2025-08-30 07:40:17,514 - INFO - Verification logged: None - FAILED (Score: 0.000)
2025-08-30 07:40:46,318 - INFO - Verification logged: None - FAILED (Score: 0.000)
2025-08-30 08:20:15,459 - INFO - Loaded data for 2 students
2025-08-30 08:20:15,782 - INFO - Student Verification System backend initialized with dlib and LBPH
2025-08-30 08:20:16,097 - INFO - RobustTTS worker thread started.
2025-08-30 08:20:28,019 - INFO - Cleaning up TTS system...
2025-08-30 08:20:28,019 - INFO - TTS system cleaned up.
2025-08-30 08:23:59,225 - INFO - Loaded data for 2 students
2025-08-30 08:23:59,525 - INFO - Student Verification System backend initialized with dlib and LBPH
2025-08-30 08:23:59,795 - INFO - RobustTTS worker thread started.
2025-08-30 08:24:13,507 - INFO - Cleaning up TTS system...
2025-08-30 08:24:13,507 - INFO - TTS system cleaned up.
2025-08-30 08:24:37,755 - INFO - Loaded data for 2 students
2025-08-30 08:25:06,823 - INFO - Loaded data for 2 students
2025-08-30 08:53:48,355 - INFO - Loaded data for 2 students
2025-08-30 08:53:48,385 - INFO - Student Verification System backend initialized
2025-08-30 08:53:48,625 - INFO - RobustTTS worker thread started.
2025-08-30 08:54:07,152 - INFO - QR ID 'S002' found in database for student: Kah Yung
2025-08-30 08:54:07,250 - INFO - Loaded 30 face images for student S002
2025-08-30 08:54:16,639 - INFO - Verification logged: Kah Yung - SUCCESS (Score: 0.911)
2025-08-30 08:54:17,049 - INFO - Loaded student photo: card_photos\S002.jpg
2025-08-30 08:54:17,156 - INFO - Voice announcement: Verification successful. Welcome, Kah Yung. Program: RSW. Batch 2022. Academic performance: First Class. Access granted. Have a great day!
2025-08-30 08:54:17,266 - INFO - Could not import comtypes.gen, trying to create it.
2025-08-30 08:54:17,266 - INFO - Created comtypes.gen directory: 'c:\Users\Yung\anaconda3\envs\vision_env\lib\site-packages\comtypes\gen'
2025-08-30 08:54:17,266 - INFO - Writing __init__.py file: 'c:\Users\Yung\anaconda3\envs\vision_env\lib\site-packages\comtypes\gen\__init__.py'
2025-08-30 08:54:17,281 - INFO - Using writeable comtypes cache directory: 'c:\Users\Yung\anaconda3\envs\vision_env\lib\site-packages\comtypes\gen'
2025-08-30 08:54:17,316 - INFO - Could not import comtypes.gen._C866CA3A_32F7_11D2_9602_00C04F8EE628_0_5_4: No module named 'comtypes.gen._C866CA3A_32F7_11D2_9602_00C04F8EE628_0_5_4'
2025-08-30 08:54:17,316 - INFO - # Generating comtypes.gen._C866CA3A_32F7_11D2_9602_00C04F8EE628_0_5_4
2025-08-30 08:54:17,416 - INFO - # Generating comtypes.gen.SpeechLib
2025-08-30 08:54:17,416 - INFO - Could not import comtypes.gen._00020430_0000_0000_C000_000000000046_0_2_0: No module named 'comtypes.gen._00020430_0000_0000_C000_000000000046_0_2_0'
2025-08-30 08:54:17,416 - INFO - # Generating comtypes.gen._00020430_0000_0000_C000_000000000046_0_2_0
2025-08-30 08:54:17,433 - INFO - # Generating comtypes.gen.stdole
2025-08-30 08:54:24,217 - INFO - Cleaning up TTS system...
2025-08-30 08:54:26,231 - INFO - TTS system cleaned up.
2025-08-30 08:54:44,065 - INFO - Loaded data for 2 students
2025-08-30 08:54:44,365 - INFO - Student Verification System backend initialized with dlib and LBPH
2025-08-30 08:54:44,570 - INFO - RobustTTS worker thread started.
2025-08-30 08:55:00,664 - INFO - QR ID 'S002' found in database for student: Kah Yung
2025-08-30 08:55:01,118 - INFO - Starting LBPH model training for student: S002
2025-08-30 08:55:02,364 - INFO - Loaded 30 face images for student S002
2025-08-30 08:55:03,599 - INFO - Training LBPH model with 25 face samples.
2025-08-30 08:55:03,684 - INFO - LBPH model for S002 trained successfully.
2025-08-30 08:55:06,680 - INFO - Verification logged: Kah Yung - SUCCESS (Score: 0.573)
2025-08-30 08:55:07,201 - INFO - Imported existing <module 'comtypes.gen' from 'c:\\Users\\Yung\\anaconda3\\Lib\\site-packages\\comtypes\\gen\\__init__.py'>
2025-08-30 08:55:07,201 - INFO - Using writeable comtypes cache directory: 'c:\Users\Yung\anaconda3\Lib\site-packages\comtypes\gen'
2025-08-30 08:55:07,256 - INFO - Could not import comtypes.gen._C866CA3A_32F7_11D2_9602_00C04F8EE628_0_5_4: Wrong version
2025-08-30 08:55:07,264 - INFO - # Generating comtypes.gen._C866CA3A_32F7_11D2_9602_00C04F8EE628_0_5_4
2025-08-30 08:55:07,343 - INFO - # Generating comtypes.gen.SpeechLib
2025-08-30 08:55:07,355 - INFO - Could not import comtypes.gen._00020430_0000_0000_C000_000000000046_0_2_0: Wrong version
2025-08-30 08:55:07,357 - INFO - # Generating comtypes.gen._00020430_0000_0000_C000_000000000046_0_2_0
2025-08-30 08:55:07,363 - INFO - # Generating comtypes.gen.stdole
2025-08-30 08:55:11,672 - INFO - Cleaning up TTS system...
2025-08-30 08:55:13,679 - INFO - TTS system cleaned up.
2025-08-30 09:00:06,292 - INFO - Loaded data for 2 students
2025-08-30 09:00:06,883 - INFO - Student Verification System backend initialized with dlib and LBPH
2025-08-30 09:00:07,137 - INFO - RobustTTS worker thread started.
2025-08-30 09:00:22,891 - INFO - QR ID 'S002' found in database for student: Kah Yung
2025-08-30 09:00:22,919 - INFO - Starting LBPH model training for student: S002
2025-08-30 09:00:22,977 - INFO - Loaded 30 face images for student S002
2025-08-30 09:00:23,638 - INFO - Training LBPH model with 25 face samples.
2025-08-30 09:00:23,727 - INFO - LBPH model for S002 trained successfully.
2025-08-30 09:00:26,113 - INFO - Verification logged: Kah Yung - SUCCESS (Score: 0.588)
2025-08-30 09:00:26,705 - INFO - Imported existing <module 'comtypes.gen' from 'c:\\Users\\Yung\\anaconda3\\envs\\vision_env\\lib\\site-packages\\comtypes\\gen\\__init__.py'>
2025-08-30 09:00:26,707 - INFO - Using writeable comtypes cache directory: 'c:\Users\Yung\anaconda3\envs\vision_env\lib\site-packages\comtypes\gen'
2025-08-30 09:00:34,885 - INFO - Cleaning up TTS system...
2025-08-30 09:00:36,895 - INFO - TTS system cleaned up.
2025-08-30 09:00:54,930 - INFO - Loaded data for 2 students
2025-08-30 09:01:10,692 - INFO - Model prepared for S002: 20 samples
2025-08-30 09:01:40,823 - INFO - Imported existing <module 'comtypes.gen' from 'c:\\Users\\Yung\\anaconda3\\envs\\vision_env\\lib\\site-packages\\comtypes\\gen\\__init__.py'>
2025-08-30 09:01:40,825 - INFO - Using writeable comtypes cache directory: 'c:\Users\Yung\anaconda3\envs\vision_env\lib\site-packages\comtypes\gen'
2025-08-30 09:01:45,293 - INFO - Verification logged: Kah Yung - FAILED (Score: 0.780)
2025-08-30 09:01:45,343 - INFO - Verification logged: Kah Yung - FAILED (Score: 0.780)
2025-08-30 09:01:50,809 - INFO - Loaded data for 2 students
2025-08-30 09:01:50,881 - INFO - Student Verification System backend initialized
2025-08-30 09:01:51,127 - INFO - RobustTTS worker thread started.
2025-08-30 09:02:03,191 - INFO - QR ID 'S002' found in database for student: Kah Yung
2025-08-30 09:02:03,223 - INFO - Loaded 30 face images for student S002
2025-08-30 09:02:07,190 - INFO - Verification logged: Kah Yung - SUCCESS (Score: 0.956)
2025-08-30 09:02:07,490 - INFO - Loaded student photo: card_photos\S002.jpg
2025-08-30 09:02:07,540 - INFO - Voice announcement: Verification successful. Welcome, Kah Yung. Program: RSW. Batch 2022. Academic performance: First Class. Access granted. Have a great day!
2025-08-30 09:02:14,723 - INFO - Cleaning up TTS system...
2025-08-30 09:02:16,738 - INFO - TTS system cleaned up.
2025-08-30 09:04:04,897 - INFO - Loaded data for 2 students
2025-08-30 09:04:04,899 - INFO - Student Verification System backend initialized
2025-08-30 09:04:20,757 - INFO - Total images loaded for student S002: 30
2025-08-30 09:04:20,900 - WARNING - Ref embedding error: module 'deepface.modules.modeling' has no attribute 'build_model'
2025-08-30 09:04:20,900 - WARNING - Ref embedding error: module 'deepface.modules.modeling' has no attribute 'build_model'
2025-08-30 09:04:20,900 - WARNING - Ref embedding error: module 'deepface.modules.modeling' has no attribute 'build_model'
2025-08-30 09:04:20,900 - WARNING - Ref embedding error: module 'deepface.modules.modeling' has no attribute 'build_model'
2025-08-30 09:04:20,900 - WARNING - Ref embedding error: module 'deepface.modules.modeling' has no attribute 'build_model'
2025-08-30 09:04:20,900 - WARNING - Ref embedding error: module 'deepface.modules.modeling' has no attribute 'build_model'
2025-08-30 09:04:20,900 - WARNING - Ref embedding error: module 'deepface.modules.modeling' has no attribute 'build_model'
2025-08-30 09:04:20,916 - WARNING - Ref embedding error: module 'deepface.modules.modeling' has no attribute 'build_model'
2025-08-30 09:04:20,919 - WARNING - Ref embedding error: module 'deepface.modules.modeling' has no attribute 'build_model'
2025-08-30 09:04:20,922 - WARNING - Ref embedding error: module 'deepface.modules.modeling' has no attribute 'build_model'
2025-08-30 09:04:20,922 - WARNING - Ref embedding error: module 'deepface.modules.modeling' has no attribute 'build_model'
2025-08-30 09:04:20,922 - WARNING - Ref embedding error: module 'deepface.modules.modeling' has no attribute 'build_model'
2025-08-30 09:04:20,927 - WARNING - Ref embedding error: module 'deepface.modules.modeling' has no attribute 'build_model'
2025-08-30 09:04:20,931 - WARNING - Ref embedding error: module 'deepface.modules.modeling' has no attribute 'build_model'
2025-08-30 09:04:20,933 - WARNING - Ref embedding error: module 'deepface.modules.modeling' has no attribute 'build_model'
2025-08-30 09:04:20,936 - WARNING - Ref embedding error: module 'deepface.modules.modeling' has no attribute 'build_model'
2025-08-30 09:04:20,938 - WARNING - Ref embedding error: module 'deepface.modules.modeling' has no attribute 'build_model'
2025-08-30 09:04:20,938 - WARNING - Ref embedding error: module 'deepface.modules.modeling' has no attribute 'build_model'
2025-08-30 09:04:20,938 - WARNING - Ref embedding error: module 'deepface.modules.modeling' has no attribute 'build_model'
2025-08-30 09:04:20,944 - WARNING - Ref embedding error: module 'deepface.modules.modeling' has no attribute 'build_model'
2025-08-30 09:04:20,944 - INFO - Loaded 0 reference embeddings for S002
2025-08-30 09:04:21,575 - INFO - Total images loaded for student S002: 30
2025-08-30 09:04:21,575 - WARNING - Ref embedding error: module 'deepface.modules.modeling' has no attribute 'build_model'
2025-08-30 09:04:21,575 - WARNING - Ref embedding error: module 'deepface.modules.modeling' has no attribute 'build_model'
2025-08-30 09:04:21,582 - WARNING - Ref embedding error: module 'deepface.modules.modeling' has no attribute 'build_model'
2025-08-30 09:04:21,585 - WARNING - Ref embedding error: module 'deepface.modules.modeling' has no attribute 'build_model'
2025-08-30 09:04:21,587 - WARNING - Ref embedding error: module 'deepface.modules.modeling' has no attribute 'build_model'
2025-08-30 09:04:21,591 - WARNING - Ref embedding error: module 'deepface.modules.modeling' has no attribute 'build_model'
2025-08-30 09:04:21,593 - WARNING - Ref embedding error: module 'deepface.modules.modeling' has no attribute 'build_model'
2025-08-30 09:04:21,595 - WARNING - Ref embedding error: module 'deepface.modules.modeling' has no attribute 'build_model'
2025-08-30 09:04:21,595 - WARNING - Ref embedding error: module 'deepface.modules.modeling' has no attribute 'build_model'
2025-08-30 09:04:21,602 - WARNING - Ref embedding error: module 'deepface.modules.modeling' has no attribute 'build_model'
2025-08-30 09:04:21,605 - WARNING - Ref embedding error: module 'deepface.modules.modeling' has no attribute 'build_model'
2025-08-30 09:04:21,608 - WARNING - Ref embedding error: module 'deepface.modules.modeling' has no attribute 'build_model'
2025-08-30 09:04:21,608 - WARNING - Ref embedding error: module 'deepface.modules.modeling' has no attribute 'build_model'
2025-08-30 09:04:21,608 - WARNING - Ref embedding error: module 'deepface.modules.modeling' has no attribute 'build_model'
2025-08-30 09:04:21,615 - WARNING - Ref embedding error: module 'deepface.modules.modeling' has no attribute 'build_model'
2025-08-30 09:04:21,619 - WARNING - Ref embedding error: module 'deepface.modules.modeling' has no attribute 'build_model'
2025-08-30 09:04:21,622 - WARNING - Ref embedding error: module 'deepface.modules.modeling' has no attribute 'build_model'
2025-08-30 09:04:21,625 - WARNING - Ref embedding error: module 'deepface.modules.modeling' has no attribute 'build_model'
2025-08-30 09:04:21,627 - WARNING - Ref embedding error: module 'deepface.modules.modeling' has no attribute 'build_model'
2025-08-30 09:04:21,627 - WARNING - Ref embedding error: module 'deepface.modules.modeling' has no attribute 'build_model'
2025-08-30 09:04:21,632 - INFO - Loaded 0 reference embeddings for S002
2025-08-30 09:06:25,647 - INFO - Loaded data for 2 students
2025-08-30 09:06:25,660 - INFO - Student Verification System backend initialized
2025-08-30 09:06:42,234 - INFO - Total images loaded for student S002: 30
2025-08-30 09:06:42,237 - WARNING - Ref embedding error: module 'deepface.modules.modeling' has no attribute 'build_model'
2025-08-30 09:06:42,239 - WARNING - Ref embedding error: module 'deepface.modules.modeling' has no attribute 'build_model'
2025-08-30 09:06:42,241 - WARNING - Ref embedding error: module 'deepface.modules.modeling' has no attribute 'build_model'
2025-08-30 09:06:42,243 - WARNING - Ref embedding error: module 'deepface.modules.modeling' has no attribute 'build_model'
2025-08-30 09:06:42,246 - WARNING - Ref embedding error: module 'deepface.modules.modeling' has no attribute 'build_model'
2025-08-30 09:06:42,246 - WARNING - Ref embedding error: module 'deepface.modules.modeling' has no attribute 'build_model'
2025-08-30 09:06:42,246 - WARNING - Ref embedding error: module 'deepface.modules.modeling' has no attribute 'build_model'
2025-08-30 09:06:42,251 - WARNING - Ref embedding error: module 'deepface.modules.modeling' has no attribute 'build_model'
2025-08-30 09:06:42,255 - WARNING - Ref embedding error: module 'deepface.modules.modeling' has no attribute 'build_model'
2025-08-30 09:06:42,257 - WARNING - Ref embedding error: module 'deepface.modules.modeling' has no attribute 'build_model'
2025-08-30 09:06:42,260 - WARNING - Ref embedding error: module 'deepface.modules.modeling' has no attribute 'build_model'
2025-08-30 09:06:42,262 - WARNING - Ref embedding error: module 'deepface.modules.modeling' has no attribute 'build_model'
2025-08-30 09:06:42,265 - WARNING - Ref embedding error: module 'deepface.modules.modeling' has no attribute 'build_model'
2025-08-30 09:06:42,267 - WARNING - Ref embedding error: module 'deepface.modules.modeling' has no attribute 'build_model'
2025-08-30 09:06:42,269 - WARNING - Ref embedding error: module 'deepface.modules.modeling' has no attribute 'build_model'
2025-08-30 09:06:42,271 - WARNING - Ref embedding error: module 'deepface.modules.modeling' has no attribute 'build_model'
2025-08-30 09:06:42,276 - WARNING - Ref embedding error: module 'deepface.modules.modeling' has no attribute 'build_model'
2025-08-30 09:06:42,278 - WARNING - Ref embedding error: module 'deepface.modules.modeling' has no attribute 'build_model'
2025-08-30 09:06:42,282 - WARNING - Ref embedding error: module 'deepface.modules.modeling' has no attribute 'build_model'
2025-08-30 09:06:42,285 - WARNING - Ref embedding error: module 'deepface.modules.modeling' has no attribute 'build_model'
2025-08-30 09:06:42,286 - INFO - Loaded 0 reference embeddings for S002
2025-08-30 09:10:43,434 - INFO - Loaded data for 2 students
2025-08-30 09:10:43,434 - INFO - Student Verification System backend initialized
2025-08-30 09:11:11,731 - INFO - Verification logged: None - FAILED (Score: 0.000)
2025-08-30 09:11:24,076 - INFO - Total images loaded for student S002: 30
2025-08-30 09:11:24,081 - WARNING - Ref embedding error: module 'deepface.modules.modeling' has no attribute 'build_model'
2025-08-30 09:11:24,081 - WARNING - Ref embedding error: module 'deepface.modules.modeling' has no attribute 'build_model'
2025-08-30 09:11:24,081 - WARNING - Ref embedding error: module 'deepface.modules.modeling' has no attribute 'build_model'
2025-08-30 09:11:24,098 - WARNING - Ref embedding error: module 'deepface.modules.modeling' has no attribute 'build_model'
2025-08-30 09:11:24,101 - WARNING - Ref embedding error: module 'deepface.modules.modeling' has no attribute 'build_model'
2025-08-30 09:11:24,103 - WARNING - Ref embedding error: module 'deepface.modules.modeling' has no attribute 'build_model'
2025-08-30 09:11:24,103 - WARNING - Ref embedding error: module 'deepface.modules.modeling' has no attribute 'build_model'
2025-08-30 09:11:24,107 - WARNING - Ref embedding error: module 'deepface.modules.modeling' has no attribute 'build_model'
2025-08-30 09:11:24,109 - WARNING - Ref embedding error: module 'deepface.modules.modeling' has no attribute 'build_model'
2025-08-30 09:11:24,113 - WARNING - Ref embedding error: module 'deepface.modules.modeling' has no attribute 'build_model'
2025-08-30 09:11:24,116 - WARNING - Ref embedding error: module 'deepface.modules.modeling' has no attribute 'build_model'
2025-08-30 09:11:24,119 - WARNING - Ref embedding error: module 'deepface.modules.modeling' has no attribute 'build_model'
2025-08-30 09:11:24,121 - WARNING - Ref embedding error: module 'deepface.modules.modeling' has no attribute 'build_model'
2025-08-30 09:11:24,124 - WARNING - Ref embedding error: module 'deepface.modules.modeling' has no attribute 'build_model'
2025-08-30 09:11:24,124 - WARNING - Ref embedding error: module 'deepface.modules.modeling' has no attribute 'build_model'
2025-08-30 09:11:24,130 - WARNING - Ref embedding error: module 'deepface.modules.modeling' has no attribute 'build_model'
2025-08-30 09:11:24,133 - WARNING - Ref embedding error: module 'deepface.modules.modeling' has no attribute 'build_model'
2025-08-30 09:11:24,135 - WARNING - Ref embedding error: module 'deepface.modules.modeling' has no attribute 'build_model'
2025-08-30 09:11:24,138 - WARNING - Ref embedding error: module 'deepface.modules.modeling' has no attribute 'build_model'
2025-08-30 09:11:24,139 - WARNING - Ref embedding error: module 'deepface.modules.modeling' has no attribute 'build_model'
2025-08-30 09:11:24,142 - INFO - Loaded 0 reference embeddings for S002
2025-08-30 09:13:24,660 - INFO - Loaded data for 2 students
2025-08-30 09:13:24,942 - INFO - Student Verification System backend initialized with dlib and LBPH
2025-08-30 09:13:25,170 - INFO - RobustTTS worker thread started.
2025-08-30 09:13:39,485 - INFO - QR ID 'S002' found in database for student: Kah Yung
2025-08-30 09:13:39,497 - INFO - Starting LBPH model training for student: S002
2025-08-30 09:13:39,532 - INFO - Loaded 30 face images for student S002
2025-08-30 09:13:40,156 - INFO - Training LBPH model with 25 face samples.
2025-08-30 09:13:40,224 - INFO - LBPH model for S002 trained successfully.
2025-08-30 09:13:46,574 - INFO - Verification logged: Kah Yung - SUCCESS (Score: 0.629)
2025-08-30 09:14:02,179 - INFO - Cleaning up TTS system...
2025-08-30 09:14:02,181 - INFO - TTS system cleaned up.
2025-08-30 09:14:14,759 - INFO - Loaded data for 2 students
2025-08-30 09:14:14,856 - INFO - Student Verification System backend initialized
2025-08-30 09:14:15,023 - INFO - RobustTTS worker thread started.
2025-08-30 09:14:25,540 - INFO - QR ID 'S002' found in database for student: Kah Yung
2025-08-30 09:14:25,578 - INFO - Loaded 30 face images for student S002
2025-08-30 09:14:30,422 - INFO - Verification logged: Kah Yung - SUCCESS (Score: 0.978)
2025-08-30 09:14:30,744 - INFO - Loaded student photo: card_photos\S002.jpg
2025-08-30 09:14:30,779 - INFO - Voice announcement: Verification successful. Welcome, Kah Yung. Program: RSW. Batch 2022. Academic performance: First Class. Access granted. Have a great day!
2025-08-30 09:14:40,366 - INFO - Cleaning up TTS system...
2025-08-30 09:14:42,370 - INFO - TTS system cleaned up.
2025-08-30 09:14:48,579 - INFO - Loaded data for 2 students
2025-08-30 09:15:01,937 - INFO - Model prepared for S002: 20 samples
2025-08-30 09:15:34,922 - INFO - Verification logged: Kah Yung - FAILED (Score: 0.842)
2025-08-30 09:15:34,936 - INFO - Verification logged: Kah Yung - FAILED (Score: 0.842)
2025-08-30 09:30:49,413 - INFO - Loaded data for 2 students
2025-08-30 09:30:49,417 - INFO - Student Verification System backend initialized
2025-08-30 09:31:04,261 - INFO - Total images loaded for student S002: 30
2025-08-30 09:31:04,279 - WARNING - Ref embedding error: module 'deepface.modules.modeling' has no attribute 'build_model'
2025-08-30 09:31:04,279 - WARNING - Ref embedding error: module 'deepface.modules.modeling' has no attribute 'build_model'
2025-08-30 09:31:04,283 - WARNING - Ref embedding error: module 'deepface.modules.modeling' has no attribute 'build_model'
2025-08-30 09:31:04,284 - WARNING - Ref embedding error: module 'deepface.modules.modeling' has no attribute 'build_model'
2025-08-30 09:31:04,284 - WARNING - Ref embedding error: module 'deepface.modules.modeling' has no attribute 'build_model'
2025-08-30 09:31:04,284 - WARNING - Ref embedding error: module 'deepface.modules.modeling' has no attribute 'build_model'
2025-08-30 09:31:04,293 - WARNING - Ref embedding error: module 'deepface.modules.modeling' has no attribute 'build_model'
2025-08-30 09:31:04,296 - WARNING - Ref embedding error: module 'deepface.modules.modeling' has no attribute 'build_model'
2025-08-30 09:31:04,299 - WARNING - Ref embedding error: module 'deepface.modules.modeling' has no attribute 'build_model'
2025-08-30 09:31:04,301 - WARNING - Ref embedding error: module 'deepface.modules.modeling' has no attribute 'build_model'
2025-08-30 09:31:04,303 - WARNING - Ref embedding error: module 'deepface.modules.modeling' has no attribute 'build_model'
2025-08-30 09:31:04,306 - WARNING - Ref embedding error: module 'deepface.modules.modeling' has no attribute 'build_model'
2025-08-30 09:31:04,307 - WARNING - Ref embedding error: module 'deepface.modules.modeling' has no attribute 'build_model'
2025-08-30 09:31:04,312 - WARNING - Ref embedding error: module 'deepface.modules.modeling' has no attribute 'build_model'
2025-08-30 09:31:04,314 - WARNING - Ref embedding error: module 'deepface.modules.modeling' has no attribute 'build_model'
2025-08-30 09:31:04,318 - WARNING - Ref embedding error: module 'deepface.modules.modeling' has no attribute 'build_model'
2025-08-30 09:31:04,321 - WARNING - Ref embedding error: module 'deepface.modules.modeling' has no attribute 'build_model'
2025-08-30 09:31:04,323 - WARNING - Ref embedding error: module 'deepface.modules.modeling' has no attribute 'build_model'
2025-08-30 09:31:04,327 - WARNING - Ref embedding error: module 'deepface.modules.modeling' has no attribute 'build_model'
2025-08-30 09:31:04,330 - WARNING - Ref embedding error: module 'deepface.modules.modeling' has no attribute 'build_model'
2025-08-30 09:31:04,331 - INFO - Loaded 0 reference embeddings for S002
2025-08-30 09:31:04,990 - INFO - Total images loaded for student S002: 30
2025-08-30 09:31:04,990 - WARNING - Ref embedding error: module 'deepface.modules.modeling' has no attribute 'build_model'
2025-08-30 09:31:05,001 - WARNING - Ref embedding error: module 'deepface.modules.modeling' has no attribute 'build_model'
2025-08-30 09:31:05,003 - WARNING - Ref embedding error: module 'deepface.modules.modeling' has no attribute 'build_model'
2025-08-30 09:31:05,003 - WARNING - Ref embedding error: module 'deepface.modules.modeling' has no attribute 'build_model'
2025-08-30 09:31:05,003 - WARNING - Ref embedding error: module 'deepface.modules.modeling' has no attribute 'build_model'
2025-08-30 09:31:05,003 - WARNING - Ref embedding error: module 'deepface.modules.modeling' has no attribute 'build_model'
2025-08-30 09:31:05,012 - WARNING - Ref embedding error: module 'deepface.modules.modeling' has no attribute 'build_model'
2025-08-30 09:31:05,016 - WARNING - Ref embedding error: module 'deepface.modules.modeling' has no attribute 'build_model'
2025-08-30 09:31:05,019 - WARNING - Ref embedding error: module 'deepface.modules.modeling' has no attribute 'build_model'
2025-08-30 09:31:05,022 - WARNING - Ref embedding error: module 'deepface.modules.modeling' has no attribute 'build_model'
2025-08-30 09:31:05,024 - WARNING - Ref embedding error: module 'deepface.modules.modeling' has no attribute 'build_model'
2025-08-30 09:31:05,024 - WARNING - Ref embedding error: module 'deepface.modules.modeling' has no attribute 'build_model'
2025-08-30 09:31:05,029 - WARNING - Ref embedding error: module 'deepface.modules.modeling' has no attribute 'build_model'
2025-08-30 09:31:05,033 - WARNING - Ref embedding error: module 'deepface.modules.modeling' has no attribute 'build_model'
2025-08-30 09:31:05,035 - WARNING - Ref embedding error: module 'deepface.modules.modeling' has no attribute 'build_model'
2025-08-30 09:31:05,038 - WARNING - Ref embedding error: module 'deepface.modules.modeling' has no attribute 'build_model'
2025-08-30 09:31:05,041 - WARNING - Ref embedding error: module 'deepface.modules.modeling' has no attribute 'build_model'
2025-08-30 09:31:05,041 - WARNING - Ref embedding error: module 'deepface.modules.modeling' has no attribute 'build_model'
2025-08-30 09:31:05,047 - WARNING - Ref embedding error: module 'deepface.modules.modeling' has no attribute 'build_model'
2025-08-30 09:31:05,050 - WARNING - Ref embedding error: module 'deepface.modules.modeling' has no attribute 'build_model'
2025-08-30 09:31:05,051 - INFO - Loaded 0 reference embeddings for S002
2025-08-30 09:31:05,067 - INFO - Total images loaded for student S002: 30
2025-08-30 09:31:05,069 - WARNING - Ref embedding error: module 'deepface.modules.modeling' has no attribute 'build_model'
2025-08-30 09:31:05,069 - WARNING - Ref embedding error: module 'deepface.modules.modeling' has no attribute 'build_model'
2025-08-30 09:31:05,069 - WARNING - Ref embedding error: module 'deepface.modules.modeling' has no attribute 'build_model'
2025-08-30 09:31:05,069 - WARNING - Ref embedding error: module 'deepface.modules.modeling' has no attribute 'build_model'
2025-08-30 09:31:05,079 - WARNING - Ref embedding error: module 'deepface.modules.modeling' has no attribute 'build_model'
2025-08-30 09:31:05,082 - WARNING - Ref embedding error: module 'deepface.modules.modeling' has no attribute 'build_model'
2025-08-30 09:31:05,084 - WARNING - Ref embedding error: module 'deepface.modules.modeling' has no attribute 'build_model'
2025-08-30 09:31:05,087 - WARNING - Ref embedding error: module 'deepface.modules.modeling' has no attribute 'build_model'
2025-08-30 09:31:05,087 - WARNING - Ref embedding error: module 'deepface.modules.modeling' has no attribute 'build_model'
2025-08-30 09:31:05,087 - WARNING - Ref embedding error: module 'deepface.modules.modeling' has no attribute 'build_model'
2025-08-30 09:31:05,093 - WARNING - Ref embedding error: module 'deepface.modules.modeling' has no attribute 'build_model'
2025-08-30 09:31:05,095 - WARNING - Ref embedding error: module 'deepface.modules.modeling' has no attribute 'build_model'
2025-08-30 09:31:05,098 - WARNING - Ref embedding error: module 'deepface.modules.modeling' has no attribute 'build_model'
2025-08-30 09:31:05,102 - WARNING - Ref embedding error: module 'deepface.modules.modeling' has no attribute 'build_model'
2025-08-30 09:31:05,104 - WARNING - Ref embedding error: module 'deepface.modules.modeling' has no attribute 'build_model'
2025-08-30 09:31:05,108 - WARNING - Ref embedding error: module 'deepface.modules.modeling' has no attribute 'build_model'
2025-08-30 09:31:05,108 - WARNING - Ref embedding error: module 'deepface.modules.modeling' has no attribute 'build_model'
2025-08-30 09:31:05,112 - WARNING - Ref embedding error: module 'deepface.modules.modeling' has no attribute 'build_model'
2025-08-30 09:31:05,117 - WARNING - Ref embedding error: module 'deepface.modules.modeling' has no attribute 'build_model'
2025-08-30 09:31:05,119 - WARNING - Ref embedding error: module 'deepface.modules.modeling' has no attribute 'build_model'
2025-08-30 09:31:05,119 - INFO - Loaded 0 reference embeddings for S002
2025-08-30 09:31:05,136 - INFO - Total images loaded for student S002: 30
2025-08-30 09:31:05,138 - WARNING - Ref embedding error: module 'deepface.modules.modeling' has no attribute 'build_model'
2025-08-30 09:31:05,138 - WARNING - Ref embedding error: module 'deepface.modules.modeling' has no attribute 'build_model'
2025-08-30 09:31:05,138 - WARNING - Ref embedding error: module 'deepface.modules.modeling' has no attribute 'build_model'
2025-08-30 09:31:05,138 - WARNING - Ref embedding error: module 'deepface.modules.modeling' has no attribute 'build_model'
2025-08-30 09:31:05,147 - WARNING - Ref embedding error: module 'deepface.modules.modeling' has no attribute 'build_model'
2025-08-30 09:31:05,149 - WARNING - Ref embedding error: module 'deepface.modules.modeling' has no attribute 'build_model'
2025-08-30 09:31:05,151 - WARNING - Ref embedding error: module 'deepface.modules.modeling' has no attribute 'build_model'
2025-08-30 09:31:05,151 - WARNING - Ref embedding error: module 'deepface.modules.modeling' has no attribute 'build_model'
2025-08-30 09:31:05,151 - WARNING - Ref embedding error: module 'deepface.modules.modeling' has no attribute 'build_model'
2025-08-30 09:31:05,151 - WARNING - Ref embedding error: module 'deepface.modules.modeling' has no attribute 'build_model'
2025-08-30 09:31:05,151 - WARNING - Ref embedding error: module 'deepface.modules.modeling' has no attribute 'build_model'
2025-08-30 09:31:05,163 - WARNING - Ref embedding error: module 'deepface.modules.modeling' has no attribute 'build_model'
2025-08-30 09:31:05,167 - WARNING - Ref embedding error: module 'deepface.modules.modeling' has no attribute 'build_model'
2025-08-30 09:31:05,167 - WARNING - Ref embedding error: module 'deepface.modules.modeling' has no attribute 'build_model'
2025-08-30 09:31:05,173 - WARNING - Ref embedding error: module 'deepface.modules.modeling' has no attribute 'build_model'
2025-08-30 09:31:05,175 - WARNING - Ref embedding error: module 'deepface.modules.modeling' has no attribute 'build_model'
2025-08-30 09:31:05,175 - WARNING - Ref embedding error: module 'deepface.modules.modeling' has no attribute 'build_model'
2025-08-30 09:31:05,178 - WARNING - Ref embedding error: module 'deepface.modules.modeling' has no attribute 'build_model'
2025-08-30 09:31:05,183 - WARNING - Ref embedding error: module 'deepface.modules.modeling' has no attribute 'build_model'
2025-08-30 09:31:05,184 - WARNING - Ref embedding error: module 'deepface.modules.modeling' has no attribute 'build_model'
2025-08-30 09:31:05,184 - INFO - Loaded 0 reference embeddings for S002
